<?xml version="1.0" encoding="UTF-8"?>
<!-- Generated by org.testng.reporters.JUnitReportReporter -->
<testsuite hostname="DESKTOP-H2M00RO" failures="0" tests="1" name="testcase.LoginTest" time="3.516" errors="0" timestamp="2023-10-31T22:36:45 CET" skipped="0">
  <testcase classname="testcase.LoginTest" name="main" time="3.516"/>
</testsuite> <!-- testcase.LoginTest -->
